INFO:  latexindent.pl version 3.24.4, 2024-07-18, a script to indent .tex files
       latexindent.pl lives here: /home/abdvswmdr/.miktex/texmfs/install/scripts/latexindent/
       Sat Sep 14 11:15:04 2024
       Filename: /home/abdvswmdr/Documents/Summer_Kizingo_Bot_Project++/FYP_DOCS/Research Plan/Chapters/__latexindent_temp_params.tex
INFO:  Processing switches:
       -y|--yaml: YAML settings specified via command line
       -c|--cruft: cruft directory
INFO:  Directory for backup files and log file /home/abdvswmdr/Documents/Summer_Kizingo_Bot_Project++/FYP_DOCS/Research Plan/indent.log:
       /home/abdvswmdr/Documents/Summer_Kizingo_Bot_Project++/FYP_DOCS/Research Plan/
INFO:  Perl modules are being loaded from the following directories:
       /usr/share/perl/5.34/FindBin.pm
       /usr/share/perl5/YAML/Tiny.pm
       /usr/share/perl/5.34/File/Copy.pm
       /usr/lib/x86_64-linux-gnu/perl-base/File/Basename.pm
       /usr/lib/x86_64-linux-gnu/perl-base/Getopt/Long.pm
       /usr/share/perl5/File/HomeDir.pm
INFO:  LatexIndent perl modules are being loaded from, for example:
       /home/abdvswmdr/.miktex/texmfs/install/scripts/latexindent/LatexIndent/Document.pm
INFO:  YAML settings read: defaultSettings.yaml
       Reading defaultSettings.yaml from /home/abdvswmdr/.miktex/texmfs/install/scripts/latexindent/defaultSettings.yaml
INFO:  YAML reading settings
       Home directory is /home/abdvswmdr
       latexindent.pl didn't find indentconfig.yaml or .indentconfig.yaml
       see all possible locations: https://latexindentpl.readthedocs.io/en/latest/sec-appendices.html#indentconfig-options)
INFO:  YAML settings read: -y switch
       YAML setting: defaultIndent:'    '
       single-quoted string found in -y switch: '    ', substitute to     
       Updating mainSettings with defaultIndent:     
INFO:  Phase 1: searching for objects
INFO:  Phase 2: finding surrounding indentation
INFO:  Phase 3: indenting objects
INFO:  Phase 4: final indentation check
INFO:  Output routine:
       Not outputting to file; see -w and -o switches for more options.
       --------------
INFO:  Please direct all communication/issues to:
        https://github.com/cmhughes/latexindent.pl
