This is pdfTeX, Version 3.141592653-2.6-1.40.26 (MiKTeX 24.4) (preloaded format=pdflatex 2024.9.27)  22 OCT 2024 14:23
entering extended mode
 restricted \write18 enabled.
 file:line:error style messages enabled.
 %&-line parsing enabled.
**"/home/abdvswmdr/Documents/Cloud Computing Architecture/Lab4/main.tex"
(/home/abdvswmdr/Documents/Cloud Computing Architecture/Lab4/main.tex
LaTeX2e <2024-06-01> patch level 2
L3 programming layer <2024-08-30>
(/usr/local/share/miktex-texmf/tex/latex/base/article.cls
Document Class: article 2024/02/08 v1.4n Standard LaTeX document class
(/usr/local/share/miktex-texmf/tex/latex/base/size11.clo
File: size11.clo 2024/02/08 v1.4n Standard LaTeX file (size option)
)
\c@part=\count194
\c@section=\count195
\c@subsection=\count196
\c@subsubsection=\count197
\c@paragraph=\count198
\c@subparagraph=\count199
\c@figure=\count266
\c@table=\count267
\abovecaptionskip=\skip49
\belowcaptionskip=\skip50
\bibindent=\dimen141
) (/usr/local/share/miktex-texmf/tex/latex/graphics/graphicx.sty
Package: graphicx 2021/09/16 v1.2d Enhanced LaTeX Graphics (DPC,SPQR)
 (/usr/local/share/miktex-texmf/tex/latex/graphics/keyval.sty
Package: keyval 2022/05/29 v1.15 key=value parser (DPC)
\KV@toks@=\toks17
) (/usr/local/share/miktex-texmf/tex/latex/graphics/graphics.sty
Package: graphics 2024/05/23 v1.4g Standard LaTeX Graphics (DPC,SPQR)
 (/usr/local/share/miktex-texmf/tex/latex/graphics/trig.sty
Package: trig 2023/12/02 v1.11 sin cos tan (DPC)
) (/usr/local/share/miktex-texmf/tex/latex/graphics-cfg/graphics.cfg
File: graphics.cfg 2016/06/04 v1.11 sample graphics configuration
)
Package graphics Info: Driver file: pdftex.def on input line 106.
 (/usr/local/share/miktex-texmf/tex/latex/graphics-def/pdftex.def
File: pdftex.def 2024/04/13 v1.2c Graphics/color driver for pdftex
))
\Gin@req@height=\dimen142
\Gin@req@width=\dimen143
) (/home/abdvswmdr/.miktex/texmfs/install/tex/latex/geometry/geometry.sty
Package: geometry 2020/01/02 v5.9 Page Geometry
 (/usr/local/share/miktex-texmf/tex/generic/iftex/ifvtex.sty
Package: ifvtex 2019/10/25 v1.7 ifvtex legacy package. Use iftex instead.
 (/usr/local/share/miktex-texmf/tex/generic/iftex/iftex.sty
Package: iftex 2022/02/03 v1.0f TeX engine tests
))
\Gm@cnth=\count268
\Gm@cntv=\count269
\c@Gm@tempcnt=\count270
\Gm@bindingoffset=\dimen144
\Gm@wd@mp=\dimen145
\Gm@odd@mp=\dimen146
\Gm@even@mp=\dimen147
\Gm@layoutwidth=\dimen148
\Gm@layoutheight=\dimen149
\Gm@layouthoffset=\dimen150
\Gm@layoutvoffset=\dimen151
\Gm@dimlist=\toks18
 (/home/abdvswmdr/.miktex/texmfs/install/tex/latex/geometry/geometry.cfg)) (/home/abdvswmdr/.miktex/texmfs/install/tex/latex/setspace/setspace.sty
Package: setspace 2022/12/04 v6.7b set line spacing
) (/usr/local/share/miktex-texmf/tex/latex/xcolor/xcolor.sty
Package: xcolor 2023/11/15 v3.01 LaTeX color extensions (UK)
 (/usr/local/share/miktex-texmf/tex/latex/graphics-cfg/color.cfg
File: color.cfg 2016/01/02 v1.6 sample color configuration
)
Package xcolor Info: Driver file: pdftex.def on input line 274.
 (/usr/local/share/miktex-texmf/tex/latex/graphics/mathcolor.ltx)
Package xcolor Info: Model `cmy' substituted by `cmy0' on input line 1350.
Package xcolor Info: Model `hsb' substituted by `rgb' on input line 1354.
Package xcolor Info: Model `RGB' extended on input line 1366.
Package xcolor Info: Model `HTML' substituted by `rgb' on input line 1368.
Package xcolor Info: Model `Hsb' substituted by `hsb' on input line 1369.
Package xcolor Info: Model `tHsb' substituted by `hsb' on input line 1370.
Package xcolor Info: Model `HSB' substituted by `hsb' on input line 1371.
Package xcolor Info: Model `Gray' substituted by `gray' on input line 1372.
Package xcolor Info: Model `wave' substituted by `hsb' on input line 1373.
) (/home/abdvswmdr/.miktex/texmfs/install/tex/latex/psnfss/mathpazo.sty
Package: mathpazo 2020/03/25 PSNFSS-v9.3 Palatino w/ Pazo Math (D.Puga, WaS) 
\symupright=\mathgroup4
) (/home/abdvswmdr/.miktex/texmfs/install/tex/latex/ulem/ulem.sty
\UL@box=\box52
\UL@hyphenbox=\box53
\UL@skip=\skip51
\UL@hook=\toks19
\UL@height=\dimen152
\UL@pe=\count271
\UL@pixel=\dimen153
\ULC@box=\box54
Package: ulem 2019/11/18
\ULdepth=\dimen154
) (/home/abdvswmdr/.miktex/texmfs/install/tex/latex/enumitem/enumitem.sty
Package: enumitem 2019/06/20 v3.9 Customized lists
\labelindent=\skip52
\enit@outerparindent=\dimen155
\enit@toks=\toks20
\enit@inbox=\box55
\enit@count@id=\count272
\enitdp@description=\count273
)
LaTeX Font Info:    Trying to load font information for OT1+ppl on input line 21.
 (/home/abdvswmdr/.miktex/texmfs/install/tex/latex/psnfss/ot1ppl.fd
File: ot1ppl.fd 2001/06/04 font definitions for OT1/ppl.
) (/usr/local/share/miktex-texmf/tex/latex/l3backend/l3backend-pdftex.def
File: l3backend-pdftex.def 2024-05-08 L3 backend support: PDF output (pdfTeX)
\l__color_backend_stack_int=\count274
\l__pdf_internal_box=\box56
) (main.aux)
\openout1 = `main.aux'.

LaTeX Font Info:    Checking defaults for OML/cmm/m/it on input line 21.
LaTeX Font Info:    ... okay on input line 21.
LaTeX Font Info:    Checking defaults for OMS/cmsy/m/n on input line 21.
LaTeX Font Info:    ... okay on input line 21.
LaTeX Font Info:    Checking defaults for OT1/cmr/m/n on input line 21.
LaTeX Font Info:    ... okay on input line 21.
LaTeX Font Info:    Checking defaults for T1/cmr/m/n on input line 21.
LaTeX Font Info:    ... okay on input line 21.
LaTeX Font Info:    Checking defaults for TS1/cmr/m/n on input line 21.
LaTeX Font Info:    ... okay on input line 21.
LaTeX Font Info:    Checking defaults for OMX/cmex/m/n on input line 21.
LaTeX Font Info:    ... okay on input line 21.
LaTeX Font Info:    Checking defaults for U/cmr/m/n on input line 21.
LaTeX Font Info:    ... okay on input line 21.
 (/usr/local/share/miktex-texmf/tex/context/base/mkii/supp-pdf.mkii
[Loading MPS to PDF converter (version 2006.09.02).]
\scratchcounter=\count275
\scratchdimen=\dimen156
\scratchbox=\box57
\nofMPsegments=\count276
\nofMParguments=\count277
\everyMPshowfont=\toks21
\MPscratchCnt=\count278
\MPscratchDim=\dimen157
\MPnumerator=\count279
\makeMPintoPDFobject=\count280
\everyMPtoPDFconversion=\toks22
) (/usr/local/share/miktex-texmf/tex/latex/epstopdf-pkg/epstopdf-base.sty
Package: epstopdf-base 2020-01-24 v2.11 Base part for package epstopdf
Package epstopdf-base Info: Redefining graphics rule for `.eps' on input line 485.
 (/usr/local/share/miktex-texmf/tex/latex/00miktex/epstopdf-sys.cfg
File: epstopdf-sys.cfg 2021/03/18 v2.0 Configuration of epstopdf for MiKTeX
))
*geometry* driver: auto-detecting
*geometry* detected driver: pdftex
*geometry* verbose mode - [ preamble ] result:
* driver: pdftex
* paper: a4paper
* layout: <same size as paper>
* layoutoffset:(h,v)=(0.0pt,0.0pt)
* modes: 
* h-part:(L,W,R)=(72.26999pt, 452.9679pt, 72.26999pt)
* v-part:(T,H,B)=(72.26999pt, 700.50687pt, 72.26999pt)
* \paperwidth=597.50787pt
* \paperheight=845.04684pt
* \textwidth=452.9679pt
* \textheight=700.50687pt
* \oddsidemargin=0.0pt
* \evensidemargin=0.0pt
* \topmargin=-37.0pt
* \headheight=12.0pt
* \headsep=25.0pt
* \topskip=11.0pt
* \footskip=30.0pt
* \marginparwidth=59.0pt
* \marginparsep=10.0pt
* \columnsep=10.0pt
* \skip\footins=10.0pt plus 4.0pt minus 2.0pt
* \hoffset=0.0pt
* \voffset=0.0pt
* \mag=1000
* \@twocolumnfalse
* \@twosidefalse
* \@mparswitchfalse
* \@reversemarginfalse
* (1in=72.27pt=25.4mm, 1cm=28.453pt)

\big@size=\dimen158
LaTeX Font Info:    Trying to load font information for OML+zplm on input line 44.
(/home/abdvswmdr/.miktex/texmfs/install/tex/latex/psnfss/omlzplm.fd
File: omlzplm.fd 2002/09/08 Fontinst v1.914 font definitions for OML/zplm.
)
LaTeX Font Info:    Trying to load font information for OMS+zplm on input line 44.
 (/home/abdvswmdr/.miktex/texmfs/install/tex/latex/psnfss/omszplm.fd
File: omszplm.fd 2002/09/08 Fontinst v1.914 font definitions for OMS/zplm.
)
LaTeX Font Info:    Trying to load font information for OMX+zplm on input line 44.
 (/home/abdvswmdr/.miktex/texmfs/install/tex/latex/psnfss/omxzplm.fd
File: omxzplm.fd 2002/09/08 Fontinst v1.914 font definitions for OMX/zplm.
)
LaTeX Font Info:    Trying to load font information for OT1+zplm on input line 44.
 (/home/abdvswmdr/.miktex/texmfs/install/tex/latex/psnfss/ot1zplm.fd
File: ot1zplm.fd 2002/09/08 Fontinst v1.914 font definitions for OT1/zplm.
)
<pics/pic.png, id=1, 955.06813pt x 482.30188pt>
File: pics/pic.png Graphic file (type png)
<use pics/pic.png>
Package pdftex.def Info: pics/pic.png  used on input line 54.
(pdftex.def)             Requested size: 448.07378pt x 226.26979pt.


[1

{/home/abdvswmdr/.miktex/texmfs/data/fonts/map/pdftex/pdftex.map}{/usr/local/share/miktex-texmf/fonts/enc/dvips/base/8r.enc} <./pics/pic.png (PNG copy)>]
<pics/1.png, id=8, 1455.4375pt x 940.51375pt>
File: pics/1.png Graphic file (type png)
<use pics/1.png>
Package pdftex.def Info: pics/1.png  used on input line 70.
(pdftex.def)             Requested size: 419.16621pt x 270.86201pt.
<pics/2_a.png, id=10, 1455.4375pt x 940.51375pt>
File: pics/2_a.png Graphic file (type png)
<use pics/2_a.png>
Package pdftex.def Info: pics/2_a.png  used on input line 77.
(pdftex.def)             Requested size: 419.16621pt x 270.86201pt.
<pics/2_b.png, id=11, 1455.4375pt x 940.51375pt>
File: pics/2_b.png Graphic file (type png)
<use pics/2_b.png>
Package pdftex.def Info: pics/2_b.png  used on input line 81.
(pdftex.def)             Requested size: 419.16621pt x 270.86201pt.


[2 <./pics/1.png> <./pics/2_a.png>]
<pics/3.png, id=18, 1583.9175pt x 955.57pt>
File: pics/3.png Graphic file (type png)
<use pics/3.png>
Package pdftex.def Info: pics/3.png  used on input line 91.
(pdftex.def)             Requested size: 419.16621pt x 252.87491pt.


[3 <./pics/2_b.png> <./pics/3.png>]
<pics/4.png, id=24, 1583.9175pt x 955.57pt>
File: pics/4.png Graphic file (type png)
<use pics/4.png>
Package pdftex.def Info: pics/4.png  used on input line 109.
(pdftex.def)             Requested size: 419.16621pt x 252.87491pt.
<pics/5_a.png, id=25, 1242.6425pt x 875.27pt>
File: pics/5_a.png Graphic file (type png)
<use pics/5_a.png>
Package pdftex.def Info: pics/5_a.png  used on input line 117.
(pdftex.def)             Requested size: 419.16621pt x 295.23729pt.
<pics/5_b.png, id=26, 1242.6425pt x 433.62pt>
File: pics/5_b.png Graphic file (type png)
<use pics/5_b.png>
Package pdftex.def Info: pics/5_b.png  used on input line 121.
(pdftex.def)             Requested size: 419.16621pt x 146.26434pt.


[4 <./pics/4.png> <./pics/5_a.png>]
<pics/6.png, id=32, 1926.19624pt x 951.555pt>
File: pics/6.png Graphic file (type png)
<use pics/6.png>
Package pdftex.def Info: pics/6.png  used on input line 129.
(pdftex.def)             Requested size: 419.15004pt x 361.34782pt.


[5 <./pics/5_b.png> <./pics/6.png>]
<pics/7a.png, id=38, 1287.81125pt x 877.2775pt>
File: pics/7a.png Graphic file (type png)
<use pics/7a.png>
Package pdftex.def Info: pics/7a.png  used on input line 137.
(pdftex.def)             Requested size: 419.16252pt x 267.40192pt.
<pics/7b.png, id=39, 1287.81125pt x 427.5975pt>
File: pics/7b.png Graphic file (type png)
<use pics/7b.png>
Package pdftex.def Info: pics/7b.png  used on input line 143.
(pdftex.def)             Requested size: 419.16621pt x 139.17632pt.
<pics/8.png, id=40, 1916.15875pt x 950.55125pt>
File: pics/8.png Graphic file (type png)
<use pics/8.png>
Package pdftex.def Info: pics/8.png  used on input line 151.
(pdftex.def)             Requested size: 419.16621pt x 207.93257pt.


[6 <./pics/7a.png> <./pics/7b.png> <./pics/8.png>]
<pics/9.png, id=47, 1923.185pt x 955.57pt>
File: pics/9.png Graphic file (type png)
<use pics/9.png>
Package pdftex.def Info: pics/9.png  used on input line 159.
(pdftex.def)             Requested size: 419.16621pt x 208.27222pt.
<pics/10.png, id=48, 1923.185pt x 955.57pt>
File: pics/10.png Graphic file (type png)
<use pics/10.png>
Package pdftex.def Info: pics/10.png  used on input line 167.
(pdftex.def)             Requested size: 419.16621pt x 208.27222pt.


[7 <./pics/9.png> <./pics/10.png>]
<pics/11.png, id=55, 1923.185pt x 955.57pt>
File: pics/11.png Graphic file (type png)
<use pics/11.png>
Package pdftex.def Info: pics/11.png  used on input line 184.
(pdftex.def)             Requested size: 419.16621pt x 208.27222pt.
<pics/12_a.png, id=56, 1923.185pt x 955.57pt>
File: pics/12_a.png Graphic file (type png)
<use pics/12_a.png>
Package pdftex.def Info: pics/12_a.png  used on input line 191.
(pdftex.def)             Requested size: 419.16621pt x 208.27222pt.
<pics/12_b.png, id=57, 1923.185pt x 591.20876pt>
File: pics/12_b.png Graphic file (type png)
<use pics/12_b.png>
Package pdftex.def Info: pics/12_b.png  used on input line 195.
(pdftex.def)             Requested size: 419.16621pt x 128.8575pt.


[8 <./pics/11.png> <./pics/12_a.png> <./pics/12_b.png>]
<pics/13.png, id=64, 1922.18124pt x 953.5625pt>
File: pics/13.png Graphic file (type png)
<use pics/13.png>
Package pdftex.def Info: pics/13.png  used on input line 203.
(pdftex.def)             Requested size: 419.16621pt x 207.93652pt.
<pics/14a.png, id=65, 1040.88875pt x 931.48pt>
File: pics/14a.png Graphic file (type png)
<use pics/14a.png>
Package pdftex.def Info: pics/14a.png  used on input line 218.
(pdftex.def)             Requested size: 419.16621pt x 375.10114pt.
<pics/14b.png, id=66, 1040.88875pt x 721.69624pt>
File: pics/14b.png Graphic file (type png)
<use pics/14b.png>
Package pdftex.def Info: pics/14b.png  used on input line 222.
(pdftex.def)             Requested size: 419.16621pt x 290.62254pt.


[9 <./pics/13.png> <./pics/14a.png>]
<pics/14c.png, id=72, 1040.88875pt x 665.48625pt>
File: pics/14c.png Graphic file (type png)
<use pics/14c.png>
Package pdftex.def Info: pics/14c.png  used on input line 227.
(pdftex.def)             Requested size: 419.16621pt x 267.98712pt.
<pics/14d.png, id=73, 1039.885pt x 887.315pt>
File: pics/14d.png Graphic file (type png)
<use pics/14d.png>
Package pdftex.def Info: pics/14d.png  used on input line 232.
(pdftex.def)             Requested size: 419.16621pt x 357.6682pt.


[10 <./pics/14b.png> <./pics/14c.png>]
<pics/14f.png, id=79, 1039.885pt x 774.895pt>
File: pics/14f.png Graphic file (type png)
<use pics/14f.png>
Package pdftex.def Info: pics/14f.png  used on input line 237.
(pdftex.def)             Requested size: 419.16621pt x 312.35277pt.
<pics/14g.png, id=80, 1039.885pt x 849.1725pt>
File: pics/14g.png Graphic file (type png)
<use pics/14g.png>
Package pdftex.def Info: pics/14g.png  used on input line 242.
(pdftex.def)             Requested size: 419.1677pt x 310.75522pt.


[11 <./pics/14d.png> <./pics/14f.png>]
<pics/14h.png, id=86, 1039.885pt x 951.555pt>
File: pics/14h.png Graphic file (type png)
<use pics/14h.png>
Package pdftex.def Info: pics/14h.png  used on input line 247.
(pdftex.def)             Requested size: 419.16621pt x 383.56271pt.


[12 <./pics/14g.png> <./pics/14h.png>]
<pics/15a.png, id=92, 1926.19624pt x 945.5325pt>
File: pics/15a.png Graphic file (type png)
<use pics/15a.png>
Package pdftex.def Info: pics/15a.png  used on input line 255.
(pdftex.def)             Requested size: 419.16621pt x 205.75266pt.
<pics/15b.png, id=93, 1926.19624pt x 1045.9075pt>
File: pics/15b.png Graphic file (type png)
<use pics/15b.png>
Package pdftex.def Info: pics/15b.png  used on input line 260.
(pdftex.def)             Requested size: 419.16621pt x 227.59476pt.


[13 <./pics/15a.png> <./pics/15b.png>]
<pics/grades.png, id=100, 631.35875pt x 712.6625pt>
File: pics/grades.png Graphic file (type png)
<use pics/grades.png>
Package pdftex.def Info: pics/grades.png  used on input line 277.
(pdftex.def)             Requested size: 419.16621pt x 473.15341pt.


[14 <./pics/grades.png>] (main.aux)
 ***********
LaTeX2e <2024-06-01> patch level 2
L3 programming layer <2024-08-30>
 ***********
 ) 
Here is how much of TeX's memory you used:
 3189 strings out of 473900
 51161 string characters out of 5733584
 445611 words of memory out of 5000000
 26044 multiletter control sequences out of 15000+600000
 566350 words of font info for 58 fonts, out of 8000000 for 9000
 1141 hyphenation exceptions out of 8191
 57i,6n,65p,329b,281s stack positions out of 10000i,1000n,20000p,200000b,200000s
</usr/local/share/miktex-texmf/fonts/type1/public/amsfonts/cm/cmr10.pfb></usr/local/share/miktex-texmf/fonts/type1/urw/palatino/uplb8a.pfb></usr/local/share/miktex-texmf/fonts/type1/urw/palatino/uplr8a.pfb>
Output written on main.pdf (14 pages, 2386700 bytes).
PDF statistics:
 120 PDF objects out of 1000 (max. 8388607)
 0 named destinations out of 1000 (max. 500000)
 141 words of extra memory for PDF output out of 10000 (max. 10000000)

